<?xml version="1.0" encoding="UTF-8"?>
<!-- Generated by org.testng.reporters.JUnitReportReporter -->
<testsuite hostname="USGURDEEP09" failures="0" tests="1" name="seleniumPackage.class1" time="3.413" errors="0" timestamp="2022-04-15T00:49:30 IST" skipped="0">
  <testcase classname="seleniumPackage.class1" name="try1" time="3.413"/>
  <system-out/>
</testsuite> <!-- seleniumPackage.class1 -->
